2020-07-29 14:23:56 INFO  ServerInitializer:39 - X9 Server started successfully
2020-07-29 14:24:15 INFO  BaseSocketDataProcessor:45 - Client /127.0.0.1:60920 is connected
2020-07-29 14:24:15 INFO  BaseSocketDataProcessor:47 - *************************************************************************************************
2020-07-29 14:24:15 INFO  BaseSocketDataProcessor:49 -                                   Start of Transaction
2020-07-29 14:24:15 INFO  BaseSocketDataProcessor:50 - *************************************************************************************************
2020-07-29 14:24:38 INFO  ServerInitializer:39 - X9 Server started successfully
2020-07-29 14:25:01 INFO  BaseSocketDataProcessor:45 - Client /127.0.0.1:60931 is connected
2020-07-29 14:25:01 INFO  BaseSocketDataProcessor:47 - *************************************************************************************************
2020-07-29 14:25:01 INFO  BaseSocketDataProcessor:49 -                                   Start of Transaction
2020-07-29 14:25:01 INFO  BaseSocketDataProcessor:50 - *************************************************************************************************
2020-07-29 14:25:01 INFO  BaseResponseGenerator:52 - Request Packet
2020-07-29 14:25:01 INFO  BaseDecoder:306 - --------------------------------------------------------------------------------------------------------------
2020-07-29 14:25:01 INFO  BaseDecoder:309 - Header: 
2020-07-29 14:25:01 INFO  BaseDecoder:310 - MTI: 2200
2020-07-29 14:25:01 INFO  BaseDecoder:312 - BITFIELD3: 003000
2020-07-29 14:25:01 INFO  BaseDecoder:312 - BITFIELD4: 8402000000001249
2020-07-29 14:25:01 INFO  BaseDecoder:312 - BITFIELD11: 000000000068
2020-07-29 14:25:01 INFO  BaseDecoder:312 - BITFIELD12: 20200723071438
2020-07-29 14:25:01 INFO  BaseDecoder:312 - BITFIELD22: 08000000000000000000000000000000
2020-07-29 14:25:01 INFO  BaseDecoder:312 - BITFIELD24: 200
2020-07-29 14:25:01 INFO  BaseDecoder:312 - BITFIELD26: 5541
2020-07-29 14:25:01 INFO  BaseDecoder:312 - BITFIELD27: 580000000000000000000000000000000000000000000000000000
2020-07-29 14:25:01 INFO  BaseDecoder:312 - BITFIELD35: 336011000998980308=4912101123456789
2020-07-29 14:25:01 INFO  BaseDecoder:312 - BITFIELD41: 01              
2020-07-29 14:25:01 INFO  BaseDecoder:312 - BITFIELD42: 101234567890
2020-07-29 14:25:01 INFO  BaseDecoder:314 - --------------------------------------------------------------------------------------------------------------
2020-07-29 14:25:01 INFO  BaseResponseGenerator:95 - Response Packet
2020-07-29 14:25:01 INFO  BaseDecoder:306 - --------------------------------------------------------------------------------------------------------------
2020-07-29 14:25:01 INFO  BaseDecoder:309 - Header: 
2020-07-29 14:25:01 INFO  BaseDecoder:310 - MTI: 2210
2020-07-29 14:25:01 INFO  BaseDecoder:312 - BITFIELD3: 003000
2020-07-29 14:25:01 INFO  BaseDecoder:312 - BITFIELD4: 8402000000001249
2020-07-29 14:25:01 INFO  BaseDecoder:312 - BITFIELD7: 0729022501
2020-07-29 14:25:01 INFO  BaseDecoder:312 - BITFIELD11: 000000000068
2020-07-29 14:25:01 INFO  BaseDecoder:312 - BITFIELD12: 20200723071438
2020-07-29 14:25:01 INFO  BaseDecoder:312 - BITFIELD38: 123456
2020-07-29 14:25:01 INFO  BaseDecoder:312 - BITFIELD39: 0000
2020-07-29 14:25:01 INFO  BaseDecoder:312 - BITFIELD41: 01              
2020-07-29 14:25:01 INFO  BaseDecoder:312 - BITFIELD42: 101234567890
2020-07-29 14:25:01 INFO  BaseDecoder:314 - --------------------------------------------------------------------------------------------------------------
